0 info it worked if it ends with ok
1 verbose cli [ 'node', '/Users/pete/.nvm/v0.8.1/bin/npm', 'login' ]
2 info using npm@1.3.6
3 info using node@v0.8.1
4 error Error: canceled
4 error     at Interface.<anonymous> (/Users/pete/.nvm/v0.8.1/lib/node_modules/npm/node_modules/read/lib/read.js:66:13)
4 error     at Interface.EventEmitter.emit (events.js:115:20)
4 error     at Interface._ttyWrite (readline.js:591:16)
4 error     at ReadStream.<anonymous> (readline.js:105:12)
4 error     at ReadStream.EventEmitter.emit (events.js:115:20)
4 error     at emitKey (readline.js:1042:12)
4 error     at ReadStream.onData (readline.js:791:7)
4 error     at ReadStream.EventEmitter.emit (events.js:88:17)
4 error     at TTY.onread (net.js:397:14)
5 error If you need help, you may report this log at:
5 error     <http://github.com/isaacs/npm/issues>
5 error or email it to:
5 error     <npm-@googlegroups.com>
6 error System Darwin 13.0.0
7 error command "node" "/Users/pete/.nvm/v0.8.1/bin/npm" "login"
8 error cwd /Users/pete/projects/ssa
9 error node -v v0.8.1
10 error npm -v 1.3.6
11 verbose exit [ 1, true ]
